[    0.000000] Initializing cgroup subsys cpuset
[    0.000000] Initializing cgroup subsys cpu
[    0.000000] Initializing cgroup subsys cpuacct
[    0.000000] Linux version 4.4.0-210-generic (buildd@lgw01-amd64-037) (gcc version 5.4.0 20160609 (Ubuntu 5.4.0-6ubuntu1~16.04.12) ) #242-Ubuntu SMP Fri Apr 16 09:57:00 UTC 2021 (Ubuntu 4.4.0-210.242-generic 4.4.262)
[    0.000000] KERNEL supported cpus:
[    0.000000]   Intel GenuineIntel
[    0.000000]   AMD AuthenticAMD
[    0.000000]   NSC Geode by NSC
[    0.000000]   Cyrix CyrixInstead
[    0.000000]   Centaur CentaurHauls
[    0.000000]   Transmeta GenuineTMx86
[    0.000000]   Transmeta TransmetaCPU
[    0.000000]   UMC UMC UMC UMC
[    0.000000] x86/fpu: xstate_offset[2]:  576, xstate_sizes[2]:  256
[    0.000000] x86/fpu: Supporting XSAVE feature 0x01: 'x87 floating point registers'
[    0.000000] x86/fpu: Supporting XSAVE feature 0x02: 'SSE registers'
[    0.000000] x86/fpu: Supporting XSAVE feature 0x04: 'AVX registers'
[    0.000000] x86/fpu: Enabled xstate features 0x7, context size is 832 bytes, using 'standard' format.
[    0.000000] e820: BIOS-provided physical RAM map:
[    0.000000] BIOS-e820: [mem 0x0000000000000000-0x000000000009fbff] usable
[    0.000000] BIOS-e820: [mem 0x000000000009fc00-0x000000000009ffff] reserved
[    0.000000] BIOS-e820: [mem 0x00000000000f0000-0x00000000000fffff] reserved
[    0.000000] BIOS-e820: [mem 0x0000000000100000-0x000000003ffeffff] usable
[    0.000000] BIOS-e820: [mem 0x000000003fff0000-0x000000003fffffff] ACPI data
[    0.000000] BIOS-e820: [mem 0x00000000fec00000-0x00000000fec00fff] reserved
[    0.000000] BIOS-e820: [mem 0x00000000fee00000-0x00000000fee00fff] reserved
[    0.000000] BIOS-e820: [mem 0x00000000fffc0000-0x00000000ffffffff] reserved
[    0.000000] NX (Execute Disable) protection: active
[    0.000000] SMBIOS 2.5 present.
[    0.000000] Hypervisor detected: KVM
[    0.000000] e820: last_pfn = 0x3fff0 max_arch_pfn = 0x1000000
[    0.000000] MTRR: Disabled
[    0.000000] x86/PAT: MTRRs disabled, skipping PAT initialization too.
[    0.000000] CPU MTRRs all blank - virtualized system.
[    0.000000] x86/PAT: Configuration [0-7]: WB  WT  UC- UC  WB  WT  UC- UC  
[    0.000000] found SMP MP-table at [mem 0x0009fff0-0x0009ffff] mapped at [c009fff0]
[    0.000000] Scanning 1 areas for low memory corruption
[    0.000000] RAMDISK: [mem 0x36258000-0x37123fff]
[    0.000000] ACPI: Early table checksum verification disabled
[    0.000000] ACPI: RSDP 0x00000000000E0000 000024 (v02 VBOX  )
[    0.000000] ACPI: XSDT 0x000000003FFF0030 00003C (v01 VBOX   VBOXXSDT 00000001 ASL  00000061)
[    0.000000] ACPI: FACP 0x000000003FFF00F0 0000F4 (v04 VBOX   VBOXFACP 00000001 ASL  00000061)
[    0.000000] ACPI: DSDT 0x000000003FFF0470 002325 (v02 VBOX   VBOXBIOS 00000002 INTL 20100528)
[    0.000000] ACPI: FACS 0x000000003FFF0200 000040
[    0.000000] ACPI: FACS 0x000000003FFF0200 000040
[    0.000000] ACPI: APIC 0x000000003FFF0240 00005C (v02 VBOX   VBOXAPIC 00000001 ASL  00000061)
[    0.000000] ACPI: SSDT 0x000000003FFF02A0 0001CC (v01 VBOX   VBOXCPUT 00000002 INTL 20100528)
[    0.000000] 131MB HIGHMEM available.
[    0.000000] 891MB LOWMEM available.
[    0.000000]   mapped low ram: 0 - 37bfe000
[    0.000000]   low ram: 0 - 37bfe000
[    0.000000] kvm-clock: Using msrs 4b564d01 and 4b564d00
[    0.000000] kvm-clock: cpu 0, msr 0:37bfd001, primary cpu clock
[    0.000000] kvm-clock: using sched offset of 8147432202 cycles
[    0.000000] clocksource: kvm-clock: mask: 0xffffffffffffffff max_cycles: 0x1cd42e4dffb, max_idle_ns: 881590591483 ns
[    0.000000] Zone ranges:
[    0.000000]   DMA      [mem 0x0000000000001000-0x0000000000ffffff]
[    0.000000]   Normal   [mem 0x0000000001000000-0x0000000037bfdfff]
[    0.000000]   HighMem  [mem 0x0000000037bfe000-0x000000003ffeffff]
[    0.000000] Movable zone start for each node
[    0.000000] Early memory node ranges
[    0.000000]   node   0: [mem 0x0000000000001000-0x000000000009efff]
[    0.000000]   node   0: [mem 0x0000000000100000-0x000000003ffeffff]
[    0.000000] Initmem setup node 0 [mem 0x0000000000001000-0x000000003ffeffff]
[    0.000000] Using APIC driver default
[    0.000000] ACPI: PM-Timer IO Port: 0x4008
[    0.000000] IOAPIC[0]: apic_id 2, version 32, address 0xfec00000, GSI 0-23
[    0.000000] ACPI: INT_SRC_OVR (bus 0 bus_irq 0 global_irq 2 dfl dfl)
[    0.000000] ACPI: INT_SRC_OVR (bus 0 bus_irq 9 global_irq 9 low level)
[    0.000000] Using ACPI (MADT) for SMP configuration information
[    0.000000] smpboot: Allowing 2 CPUs, 0 hotplug CPUs
[    0.000000] PM: Registered nosave memory: [mem 0x00000000-0x00000fff]
[    0.000000] PM: Registered nosave memory: [mem 0x0009f000-0x0009ffff]
[    0.000000] PM: Registered nosave memory: [mem 0x000a0000-0x000effff]
[    0.000000] PM: Registered nosave memory: [mem 0x000f0000-0x000fffff]
[    0.000000] e820: [mem 0x40000000-0xfebfffff] available for PCI devices
[    0.000000] Booting paravirtualized kernel on KVM
[    0.000000] clocksource: refined-jiffies: mask: 0xffffffff max_cycles: 0xffffffff, max_idle_ns: 7645519600211568 ns
[    0.000000] setup_percpu: NR_CPUS:8 nr_cpumask_bits:8 nr_cpu_ids:2 nr_node_ids:1
[    0.000000] PERCPU: Embedded 18 pages/cpu @f71b2000 s42956 r0 d30772 u73728
[    0.000000] Built 1 zonelists in Zone order, mobility grouping on.  Total pages: 259800
[    0.000000] Kernel command line: BOOT_IMAGE=/boot/vmlinuz-4.4.0-210-generic root=LABEL=cloudimg-rootfs ro console=tty1 console=ttyS0
[    0.000000] PID hash table entries: 4096 (order: 2, 16384 bytes)
[    0.000000] Dentry cache hash table entries: 131072 (order: 7, 524288 bytes)
[    0.000000] Inode-cache hash table entries: 65536 (order: 6, 262144 bytes)
[    0.000000] Initializing CPU#0
[    0.000000] Initializing HighMem for node 0 (00037bfe:0003fff0)
[    0.000000] Initializing Movable for node 0 (00000000:00000000)
[    0.000000] Memory: 1007600K/1048120K available (8151K kernel code, 787K rwdata, 3216K rodata, 944K init, 724K bss, 40520K reserved, 0K cma-reserved, 135112K highmem)
[    0.000000] virtual kernel memory layout:
[    0.000000]     fixmap  : 0xfff15000 - 0xfffff000   ( 936 kB)
[    0.000000]     pkmap   : 0xffc00000 - 0xffe00000   (2048 kB)
[    0.000000]     vmalloc : 0xf83fe000 - 0xffbfe000   ( 120 MB)
[    0.000000]     lowmem  : 0xc0000000 - 0xf7bfe000   ( 891 MB)
[    0.000000]       .init : 0xc1be2000 - 0xc1cce000   ( 944 kB)
[    0.000000]       .data : 0xc17f61b8 - 0xc1be0d40   (4010 kB)
[    0.000000]       .text : 0xc1000000 - 0xc17f61b8   (8152 kB)
[    0.000000] Checking if this processor honours the WP bit even in supervisor mode...Ok.
[    0.000000] SLUB: HWalign=64, Order=0-3, MinObjects=0, CPUs=2, Nodes=1
[    0.000000] Hierarchical RCU implementation.
[    0.000000] 	Build-time adjustment of leaf fanout to 32.
[    0.000000] 	RCU restricting CPUs from NR_CPUS=8 to nr_cpu_ids=2.
[    0.000000] RCU: Adjusting geometry for rcu_fanout_leaf=32, nr_cpu_ids=2
[    0.000000] NR_IRQS:2304 nr_irqs:440 16
[    0.000000] Console: colour VGA+ 80x25
[    0.000000] console [tty1] enabled
[    0.000000] console [ttyS0] enabled
[    0.000000] allocated 1048576 bytes of page_ext
[    0.000000] tsc: Detected 2904.002 MHz processor
[    0.418957] Calibrating delay loop (skipped) preset value.. 5808.00 BogoMIPS (lpj=11616008)
[    0.427056] pid_max: default: 32768 minimum: 301
[    0.429765] ACPI: Core revision 20150930
[    0.434504] ACPI: 2 ACPI AML tables successfully acquired and loaded
[    0.438452] Security Framework initialized
[    0.440676] Yama: becoming mindful.
[    0.442288] AppArmor: AppArmor initialized
[    0.444887] Mount-cache hash table entries: 2048 (order: 1, 8192 bytes)
[    0.447472] Mountpoint-cache hash table entries: 2048 (order: 1, 8192 bytes)
[    0.450537] Initializing cgroup subsys io
[    0.452317] Initializing cgroup subsys memory
[    0.454065] Initializing cgroup subsys devices
[    0.455831] Initializing cgroup subsys freezer
[    0.458599] Initializing cgroup subsys net_cls
[    0.460908] Initializing cgroup subsys perf_event
[    0.463119] Initializing cgroup subsys net_prio
[    0.464924] Initializing cgroup subsys hugetlb
[    0.466815] Initializing cgroup subsys pids
[    0.515111] mce: CPU supports 0 MCE banks
[    0.517913] Last level iTLB entries: 4KB 64, 2MB 8, 4MB 8
[    0.520854] Last level dTLB entries: 4KB 64, 2MB 0, 4MB 0, 1GB 4
[    0.524394] Spectre V1 : Mitigation: usercopy/swapgs barriers and __user pointer sanitization
[    0.528087] Spectre V2 : Mitigation: Full generic retpoline
[    0.531071] Spectre V2 : Spectre v2 / SpectreRSB mitigation: Filling RSB on context switch
[    0.534666] Speculative Store Bypass: Vulnerable
[    0.537262] SRBDS: Unknown: Dependent on hypervisor status
[    0.540248] MDS: Mitigation: Clear CPU buffers
[    0.550695] Freeing SMP alternatives memory: 36K
[    0.562429] ftrace: allocating 31668 entries in 62 pages
[    0.704776] smpboot: APIC(0) Converting physical 0 to logical package 0
[    0.708536] smpboot: Max logical packages: 1
[    0.711666] Enabling APIC mode:  Flat.  Using 1 I/O APICs
[    0.716900] ..TIMER: vector=0x30 apic1=0 pin1=2 apic2=-1 pin2=-1
[    0.828767] APIC calibration not consistent with PM-Timer: 101ms instead of 100ms
[    0.832512] APIC delta adjusted to PM-Timer: 6251098 (6318210)
[    0.834774] smpboot: CPU0: Intel(R) Core(TM) i7-7500U CPU @ 2.70GHz (family: 0x6, model: 0x8e, stepping: 0x9)
[    0.839656] Performance Events: unsupported p6 CPU model 142 no PMU driver, software events only.
[    0.864090] KVM setup paravirtual spinlock
[    0.867531] x86: Booting SMP configuration:
[    0.870933] .... node  #0, CPUs:      #1
[1266874881.562119] Initializing CPU#1
[    0.874114] kvm-clock: cpu 1, msr 0:37bfd041, secondary cpu clock
[    0.923709] mce: CPU supports 0 MCE banks
[    0.928391] x86: Booted up 1 node, 2 CPUs
[    0.932079] smpboot: Total of 2 processors activated (11616.00 BogoMIPS)
[    0.937228] devtmpfs: initialized
[    0.940739] evm: security.selinux
[    0.945400] evm: security.SMACK64
[    0.947765] evm: security.SMACK64EXEC
[    0.950274] evm: security.SMACK64TRANSMUTE
[    0.952520] evm: security.SMACK64MMAP
[    0.954438] evm: security.ima
[    0.956541] evm: security.capability
[    0.960044] clocksource: jiffies: mask: 0xffffffff max_cycles: 0xffffffff, max_idle_ns: 7645041785100000 ns
[    0.964779] futex hash table entries: 512 (order: 3, 32768 bytes)
[    0.968250] pinctrl core: initialized pinctrl subsystem
[    0.971029] RTC time: 19:13:04, date: 08/20/21
[    0.973850] NET: Registered protocol family 16
[    0.976685] EISA bus registered
[    0.987773] cpuidle: using governor ladder
[    0.999682] cpuidle: using governor menu
[    1.001654] PCCT header not found.
[    1.003673] ACPI: bus type PCI registered
[    1.005582] acpiphp: ACPI Hot Plug PCI Controller Driver version: 0.5
[    1.009291] PCI : PCI BIOS area is rw and x. Use pci=nobios if you want it NX.
[    1.013064] PCI: PCI BIOS revision 2.10 entry at 0xfda26, last bus=0
[    1.015640] PCI: Using configuration type 1 for base access
[    1.033113] ACPI: Added _OSI(Module Device)
[    1.035762] ACPI: Added _OSI(Processor Device)
[    1.038227] ACPI: Added _OSI(3.0 _SCP Extensions)
[    1.040903] ACPI: Added _OSI(Processor Aggregator Device)
[    1.046028] ACPI: Executed 1 blocks of module-level executable AML code
[    1.079549] ACPI: Interpreter enabled
[    1.081591] ACPI: (supports S0 S5)
[    1.083267] ACPI: Using IOAPIC for interrupt routing
[    1.085493] PCI: Using host bridge windows from ACPI; if necessary, use "pci=nocrs" and report a bug
[    1.097180] ACPI: PCI Root Bridge [PCI0] (domain 0000 [bus 00-ff])
[    1.101140] acpi PNP0A03:00: _OSC: OS supports [ASPM ClockPM Segments MSI]
[    1.105945] acpi PNP0A03:00: _OSC: not requesting OS control; OS requires [ExtendedConfig ASPM ClockPM MSI]
[    1.111695] acpi PNP0A03:00: fail to add MMCONFIG information, can't access extended PCI configuration space under this bridge.
[    1.117177] PCI host bridge to bus 0000:00
[    1.119471] pci_bus 0000:00: root bus resource [io  0x0000-0x0cf7 window]
[    1.121939] pci_bus 0000:00: root bus resource [io  0x0d00-0xffff window]
[    1.124312] pci_bus 0000:00: root bus resource [mem 0x000a0000-0x000bffff window]
[    1.127999] pci_bus 0000:00: root bus resource [mem 0x40000000-0xfdffffff window]
[    1.133010] pci_bus 0000:00: root bus resource [bus 00-ff]
[    1.139508] pci 0000:00:01.1: legacy IDE quirk: reg 0x10: [io  0x01f0-0x01f7]
[    1.142512] pci 0000:00:01.1: legacy IDE quirk: reg 0x14: [io  0x03f6]
[    1.145759] pci 0000:00:01.1: legacy IDE quirk: reg 0x18: [io  0x0170-0x0177]
[    1.149159] pci 0000:00:01.1: legacy IDE quirk: reg 0x1c: [io  0x0376]
[    1.175818] pci 0000:00:07.0: quirk: [io  0x4000-0x403f] claimed by PIIX4 ACPI
[    1.181027] pci 0000:00:07.0: quirk: [io  0x4100-0x410f] claimed by PIIX4 SMB
[    1.192794] ACPI: PCI Interrupt Link [LNKA] (IRQs 5 9 10 *11)
[    1.197350] ACPI: PCI Interrupt Link [LNKB] (IRQs 5 9 *10 11)
[    1.203323] ACPI: PCI Interrupt Link [LNKC] (IRQs 5 *9 10 11)
[    1.206813] ACPI: PCI Interrupt Link [LNKD] (IRQs 5 9 10 *11)
[    1.211301] ACPI: Enabled 2 GPEs in block 00 to 07
[    1.214343] vgaarb: setting as boot device: PCI:0000:00:02.0
[    1.216471] vgaarb: device added: PCI:0000:00:02.0,decodes=io+mem,owns=io+mem,locks=none
[    1.223514] vgaarb: loaded
[    1.224816] vgaarb: bridge control possible 0000:00:02.0
[    1.227899] SCSI subsystem initialized
[    1.230875] ACPI: bus type USB registered
[    1.234195] usbcore: registered new interface driver usbfs
[    1.236404] usbcore: registered new interface driver hub
[    1.238560] usbcore: registered new device driver usb
[    1.241519] PCI: Using ACPI for IRQ routing
[    1.244483] NetLabel: Initializing
[    1.245972] NetLabel:  domain hash size = 128
[    1.248645] NetLabel:  protocols = UNLABELED CIPSOv4
[    1.251060] NetLabel:  unlabeled traffic allowed by default
[    1.253859] amd_nb: Cannot enumerate AMD northbridges
[    1.256016] clocksource: Switched to clocksource kvm-clock
[    1.276144] AppArmor: AppArmor Filesystem Enabled
[    1.279777] pnp: PnP ACPI init
[    1.283078] pnp: PnP ACPI: found 3 devices
[    1.285020] PnPBIOS: Disabled by ACPI PNP
[    1.340442] clocksource: acpi_pm: mask: 0xffffff max_cycles: 0xffffff, max_idle_ns: 2085701024 ns
[    1.348690] NET: Registered protocol family 2
[    1.357722] TCP established hash table entries: 8192 (order: 3, 32768 bytes)
[    1.374685] TCP bind hash table entries: 8192 (order: 4, 65536 bytes)
[    1.390524] TCP: Hash tables configured (established 8192 bind 8192)
[    1.402555] UDP hash table entries: 512 (order: 2, 16384 bytes)
[    1.415273] UDP-Lite hash table entries: 512 (order: 2, 16384 bytes)
[    1.430355] NET: Registered protocol family 1
[    1.440242] pci 0000:00:00.0: Limiting direct PCI/PCI transfers
[    1.451102] pci 0000:00:01.0: Activating ISA DMA hang workarounds
[    1.464863] Unpacking initramfs...
[    4.373862] Freeing initrd memory: 15152K
[    4.383960] clocksource: tsc: mask: 0xffffffffffffffff max_cycles: 0x29dc079b5d9, max_idle_ns: 440795223751 ns
[    4.415027] platform rtc_cmos: registered platform RTC device (no PNP device found)
[    4.422078] Scanning for low memory corruption every 60 seconds
[    4.429274] audit: initializing netlink subsys (disabled)
[    4.439423] audit: type=2000 audit(1629486797.104:1): initialized
[    4.448378] Initialise system trusted keyring
[    4.454254] HugeTLB registered 2 MB page size, pre-allocated 0 pages
[    4.469831] zbud: loaded
[    4.511744] VFS: Disk quotas dquot_6.6.0
[    4.518249] VFS: Dquot-cache hash table entries: 1024 (order 0, 4096 bytes)
[    4.533256] squashfs: version 4.0 (2009/01/31) Phillip Lougher
[    4.545556] fuse init (API version 7.23)
[    4.552534] Key type big_key registered
[    4.556447] Allocating IMA MOK and blacklist keyrings.
[    4.573598] Key type asymmetric registered
[    4.581156] Asymmetric key parser 'x509' registered
[    4.586034] bounce: pool size: 64 pages
[    4.593190] Block layer SCSI generic (bsg) driver version 0.4 loaded (major 249)
[    4.606857] io scheduler noop registered
[    4.611957] io scheduler deadline registered (default)
[    4.617686] io scheduler cfq registered
[    4.621891] pci_hotplug: PCI Hot Plug PCI Core version: 0.5
[    4.629805] pciehp: PCI Express Hot Plug Controller Driver version: 0.4
[    4.653224] ACPI: AC Adapter [AC] (on-line)
[    4.667112] input: Power Button as /devices/LNXSYSTM:00/LNXPWRBN:00/input/input0
[    4.685486] ACPI: Power Button [PWRF]
[    4.700722] input: Sleep Button as /devices/LNXSYSTM:00/LNXSLPBN:00/input/input1
[    4.710753] ACPI: Sleep Button [SLPF]
[    4.720377] GHES: HEST is not enabled!
[    4.722354] ACPI: Battery Slot [BAT0] (battery present)
[    4.736373] isapnp: Scanning for PnP cards...
[    4.746865] Serial: 8250/16550 driver, 32 ports, IRQ sharing enabled
[    4.782936] 00:02: ttyS0 at I/O 0x3f8 (irq = 4, base_baud = 115200) is a 16550A
[    4.812679] Linux agpgart interface v0.103
[    4.821615] loop: module loaded
[    4.827136] scsi host0: ata_piix
[    4.832743] scsi host1: ata_piix
[    4.843604] ata1: PATA max UDMA/33 cmd 0x1f0 ctl 0x3f6 bmdma 0xd000 irq 14
[    4.860507] ata2: PATA max UDMA/33 cmd 0x170 ctl 0x376 bmdma 0xd008 irq 15
[    4.870628] libphy: Fixed MDIO Bus: probed
[    4.873993] tun: Universal TUN/TAP device driver, 1.6
[    4.881061] tun: (C) 1999-2004 Max Krasnyansky <maxk@qualcomm.com>
[    4.886806] PPP generic driver version 2.4.2
[    4.901602] ehci_hcd: USB 2.0 'Enhanced' Host Controller (EHCI) Driver
[    4.908254] ehci-pci: EHCI PCI platform driver
[    4.914429] ehci-platform: EHCI generic platform driver
[    4.920004] ohci_hcd: USB 1.1 'Open' Host Controller (OHCI) Driver
[    4.926480] ohci-pci: OHCI PCI platform driver
[    4.932421] ohci-platform: OHCI generic platform driver
[    4.937808] uhci_hcd: USB Universal Host Controller Interface driver
[    4.961275] i8042: PNP: PS/2 Controller [PNP0303:PS2K,PNP0f03:PS2M] at 0x60,0x64 irq 1,12
[    4.983305] serio: i8042 KBD port at 0x60,0x64 irq 1
[    4.987793] serio: i8042 AUX port at 0x60,0x64 irq 12
[    4.991617] mousedev: PS/2 mouse device common for all mice
[    5.004599] rtc_cmos rtc_cmos: rtc core: registered rtc_cmos as rtc0
[    5.013694] rtc_cmos rtc_cmos: alarms up to one day, 114 bytes nvram
[    5.083180] input: AT Translated Set 2 keyboard as /devices/platform/i8042/serio0/input/input2
[    5.095313] i2c /dev entries driver
[    5.100929] device-mapper: uevent: version 1.0.3
[    5.106267] device-mapper: ioctl: 4.34.0-ioctl (2015-10-28) initialised: dm-devel@redhat.com
[    5.118088] platform eisa.0: Probing EISA bus 0
[    5.121910] platform eisa.0: EISA: Cannot allocate resource for mainboard
[    5.131329] platform eisa.0: Cannot allocate resource for EISA slot 1
[    5.135919] platform eisa.0: Cannot allocate resource for EISA slot 2
[    5.141103] platform eisa.0: Cannot allocate resource for EISA slot 3
[    5.146658] platform eisa.0: Cannot allocate resource for EISA slot 4
[    5.151643] platform eisa.0: Cannot allocate resource for EISA slot 5
[    5.155587] platform eisa.0: Cannot allocate resource for EISA slot 6
[    5.160596] platform eisa.0: Cannot allocate resource for EISA slot 7
[    5.169285] platform eisa.0: Cannot allocate resource for EISA slot 8
[    5.178483] platform eisa.0: EISA: Detected 0 cards
[    5.183779] cpufreq-nforce2: No nForce2 chipset.
[    5.187975] ledtrig-cpu: registered to indicate activity on CPUs
[    5.192349] NET: Registered protocol family 10
[    5.197583] NET: Registered protocol family 17
[    5.202004] Key type dns_resolver registered
[    5.206040] Using IPI No-Shortcut mode
[    5.213427] registered taskstats version 1
[    5.216018] Loading compiled-in X.509 certificates
[    5.228625] Loaded X.509 cert 'Build time autogenerated kernel key: 20ac0ed02049a72ce76c079ea50dd43d3ac5969c'
[    5.235790] zswap: loaded using pool lzo/zbud
[    5.248882] Key type trusted registered
[    5.261437] Key type encrypted registered
[    5.267233] AppArmor: AppArmor sha1 policy hashing enabled
[    5.271974] ima: No TPM chip found, activating TPM-bypass!
[    5.278284] ima: Allocated hash algorithm: sha1
[    5.282435] evm: HMAC attrs: 0x1
[    5.291171]   Magic number: 1:699:243
[    5.295338] rtc_cmos rtc_cmos: setting system clock to 2021-08-20 19:13:08 UTC (1629486788)
[    5.304328] BIOS EDD facility v0.16 2004-Jun-25, 0 devices found
[    5.310349] EDD information not available.
[    5.359032] isapnp: No Plug & Play device found
[    5.363184] Freeing unused kernel memory: 944K
[    5.428939] Write protecting the kernel text: 8156k
[    5.432877] Write protecting the kernel read-only data: 3220k
[    5.436457] NX-protecting the kernel data: 6180k
Loading, please wait...
starting version 229
[    5.481123] random: systemd-udevd: uninitialized urandom read (16 bytes read, 4 bits of entropy available)
[    5.485335] random: udevadm: uninitialized urandom read (16 bytes read, 4 bits of entropy available)
[    5.500409] random: systemd-udevd: uninitialized urandom read (16 bytes read, 4 bits of entropy available)
[    5.516196] random: systemd-udevd: uninitialized urandom read (16 bytes read, 4 bits of entropy available)
[    5.535921] random: udevadm: uninitialized urandom read (16 bytes read, 4 bits of entropy available)
[    5.536353] random: udevadm: uninitialized urandom read (16 bytes read, 4 bits of entropy available)
[    5.537816] random: udevadm: uninitialized urandom read (16 bytes read, 4 bits of entropy available)
[    5.538162] random: udevadm: uninitialized urandom read (16 bytes read, 4 bits of entropy available)
[    5.538359] random: udevadm: uninitialized urandom read (16 bytes read, 4 bits of entropy available)
[    5.538576] random: udevadm: uninitialized urandom read (16 bytes read, 4 bits of entropy available)
[    5.782748] e1000: Intel(R) PRO/1000 Network Driver - version 7.3.21-k8-NAPI
[    5.789667] e1000: Copyright (c) 1999-2006 Intel Corporation.
[    5.803256] [drm] Initialized drm 1.1.0 20060810
[    5.808514] Fusion MPT base driver 3.04.20
[    5.812811] Copyright (c) 1999-2008 LSI Corporation
[    5.975576] Fusion MPT SPI Host driver 3.04.20
[    6.072265] input: ImExPS/2 Generic Explorer Mouse as /devices/platform/i8042/serio1/input/input4
[    6.083141] vboxvideo: loading out-of-tree module taints kernel.
[    6.091285] vboxvideo: module verification failed: signature and/or required key missing - tainting kernel
[    6.110975] vboxvideo: loading version 6.1.26 r145957
[    6.561085] e1000 0000:00:03.0 eth0: (PCI:33MHz:32-bit) 02:ca:5c:8d:e1:88
[    6.565086] e1000 0000:00:03.0 eth0: Intel(R) PRO/1000 Network Connection
[    6.571415] mptbase: ioc0: Initiating bringup
[    6.575544] e1000 0000:00:03.0 enp0s3: renamed from eth0
[    6.636605] ioc0: LSI53C1030 A0: Capabilities={Initiator}
[    6.809692] scsi host2: ioc0: LSI53C1030 A0, FwRev=00000000h, Ports=1, MaxQ=256, IRQ=20
[    6.956412] scsi 2:0:0:0: Direct-Access     VBOX     HARDDISK         1.0  PQ: 0 ANSI: 5
[    6.980498] scsi target2:0:0: Beginning Domain Validation
[    6.992362] [drm] VRAM 01000000
[    7.007797] [TTM] Zone  kernel: Available graphics memory: 444310 kiB
[    7.040693] [TTM] Zone highmem: Available graphics memory: 511866 kiB
[    7.115031] [TTM] Initializing pool allocator
[    7.149178] [TTM] Initializing DMA pool allocator
[    7.205938] fbcon: vboxdrmfb (fb0) is primary device
[    7.225523] scsi target2:0:0: Domain Validation skipping write tests
[    7.225530] scsi target2:0:0: Ending Domain Validation
[    7.226767] scsi target2:0:0: asynchronous
[    7.237068] scsi 2:0:1:0: Direct-Access     VBOX     HARDDISK         1.0  PQ: 0 ANSI: 5
[    7.237107] scsi target2:0:1: Beginning Domain Validation
[    7.246690] scsi target2:0:1: Domain Validation skipping write tests
[    7.246696] scsi target2:0:1: Ending Domain Validation
[    7.249791] scsi target2:0:1: asynchronous
[    7.513750] sd 2:0:0:0: [sda] 83886080 512-byte logical blocks: (42.9 GB/40.0 GiB)
[    7.515452] sd 2:0:0:0: [sda] Write Protect is off
[    7.516077] sd 2:0:0:0: [sda] Incomplete mode parameter data
[    7.516085] sd 2:0:0:0: [sda] Assuming drive cache: write through
[    7.519996] sd 2:0:0:0: Attached scsi generic sg0 type 0
[    7.522217] sd 2:0:1:0: [sdb] 20480 512-byte logical blocks: (10.5 MB/10.0 MiB)
[    7.523630] sd 2:0:1:0: [sdb] Write Protect is off
[    7.524337] sd 2:0:1:0: Attached scsi generic sg1 type 0
[    7.524490] sd 2:0:1:0: [sdb] Incomplete mode parameter data
[    7.524497] sd 2:0:1:0: [sdb] Assuming drive cache: write through
[    7.567085]  sda: sda1
[    7.570944] sd 2:0:0:0: [sda] Attached SCSI disk
[    7.591256] Console: switching to colour frame buffer device 100x37
[    7.597718] sd 2:0:1:0: [sdb] Attached SCSI disk
[    8.299169] vboxvideo 0000:00:02.0: fb0: vboxdrmfb frame buffer device
[    8.336438] [drm] Initialized vboxvideo 1.0.0 20130823 for 0000:00:02.0 on minor 0
Begin: Loading essential drivers ... [    9.076337] md: linear personality registered for level -1
[    9.117842] md: multipath personality registered for level -4
[    9.147802] md: raid0 personality registered for level 0
[    9.179662] md: raid1 personality registered for level 1
[    9.300737] raid6: mmxx1    gen()   894 MB/s
[    9.376649] raid6: mmxx2    gen()  1472 MB/s
[    9.448642] raid6: sse1x1   gen()   577 MB/s
[    9.520247] raid6: sse1x2   gen()  1252 MB/s
[    9.592279] raid6: sse2x1   gen()  2039 MB/s
[    9.664215] raid6: sse2x1   xor()  1768 MB/s
[    9.736201] raid6: sse2x2   gen()  2930 MB/s
[    9.808173] raid6: sse2x2   xor()  1677 MB/s
[    9.880245] raid6: avx2x1   gen()  4945 MB/s
[    9.952069] raid6: avx2x2   gen()  4928 MB/s
[    9.957198] raid6: using algorithm avx2x1 gen() 4945 MB/s
[    9.964123] raid6: using avx2x1 recovery algorithm
[    9.980271] xor: automatically using best checksumming function:
[   10.024149]    avx       :  6513.000 MB/sec
[   10.040890] async_tx: api initialized (async)
[   10.147954] md: raid6 personality registered for level 6
[   10.153395] md: raid5 personality registered for level 5
[   10.159888] md: raid4 personality registered for level 4
[   10.207342] md: raid10 personality registered for level 10
done.
Begin: Running /scripts/init-premount ... done.
Begin: Mounting root file system ... Begin: Running /scripts/local-top ... done.
Begin: Running /scripts/local-premount ... [   10.399089] Btrfs loaded
Scanning for Btrfs filesystems
done.
Begin: Will now check root file system ... fsck from util-linux 2.27.1
[/sbin/fsck.ext4 (1) -- /dev/sda1] fsck.ext4 -a -C0 /dev/sda1 
cloudimg-rootfs: clean, 80476/5120000 files, 786410/10485499 blocks
done.
[   10.570969] EXT4-fs (sda1): mounted filesystem with ordered data mode. Opts: (null)
done.
Begin: Running /scripts/local-bottom ... done.
Begin: Running /scripts/init-bottom ... done.
[   10.730258] random: nonblocking pool is initialized
[   11.036276] systemd[1]: systemd 229 running in system mode. (+PAM +AUDIT +SELINUX +IMA +APPARMOR +SMACK +SYSVINIT +UTMP +LIBCRYPTSETUP +GCRYPT +GNUTLS +ACL +XZ -LZ4 +SECCOMP +BLKID +ELFUTILS +KMOD -IDN)
[   11.052769] systemd[1]: Detected virtualization oracle.
[   11.060749] systemd[1]: Detected architecture x86.

Welcome to [1mUbuntu 16.04.7 LTS[0m!

[   11.085623] systemd[1]: Set hostname to <ubuntu-xenial>.
[   11.621340] systemd[1]: Listening on Device-mapper event daemon FIFOs.
[[0;32m  OK  [0m] Listening on Device-mapper event daemon FIFOs.
[   11.636661] systemd[1]: Reached target System Time Synchronized.
[[0;32m  OK  [0m] Reached target System Time Synchronized.
[   11.645272] systemd[1]: Reached target Encrypted Volumes.
[[0;32m  OK  [0m] Reached target Encrypted Volumes.
[   11.652697] systemd[1]: Listening on LVM2 metadata daemon socket.
[[0;32m  OK  [0m] Listening on LVM2 metadata daemon socket.
[   11.660940] systemd[1]: Listening on udev Kernel Socket.
[[0;32m  OK  [0m] Listening on udev Kernel Socket.
[   11.670478] systemd[1]: Listening on fsck to fsckd communication Socket.
[[0;32m  OK  [0m] Listening on fsck to fsckd communication Socket.
[   11.682566] systemd[1]: Listening on udev Control Socket.
[[0;32m  OK  [0m] Listening on udev Control Socket.
[   11.692923] systemd[1]: Created slice System Slice.
[[0;32m  OK  [0m] Created slice System Slice.
[   11.703128] systemd[1]: Reached target User and Group Name Lookups.
[[0;32m  OK  [0m] Reached target User and Group Name Lookups.
[   11.725270] systemd[1]: Created slice system-serial\x2dgetty.slice.
[[0;32m  OK  [0m] Created slice system-serial\x2dgetty.slice.
[   11.736144] systemd[1]: Listening on LVM2 poll daemon socket.
[[0;32m  OK  [0m] Listening on LVM2 poll daemon socket.
[   11.753406] systemd[1]: Listening on Journal Audit Socket.
[[0;32m  OK  [0m] Listening on Journal Audit Socket.
[   11.761625] systemd[1]: Reached target Swap.
[[0;32m  OK  [0m] Reached target Swap.
[   11.769810] systemd[1]: Listening on Journal Socket.
[[0;32m  OK  [0m] Listening on Journal Socket.
[   11.792787] systemd[1]: Starting Uncomplicated firewall...
         Starting Uncomplicated firewall...
[   11.804894] systemd[1]: Mounting Debug File System...
         Mounting Debug File System...
[   11.822128] systemd[1]: Starting Set console keymap...
         Starting Set console keymap...
[   11.839035] systemd[1]: Mounting POSIX Message Queue File System...
         Mounting POSIX Message Queue File System...
[   11.854548] systemd[1]: Starting Monitoring of LVM2 mirrors, snapshots etc. using dmeventd or progress polling...
         Starting Monitoring of LVM2 mirrors... dmeventd or progress polling...
[   11.878453] systemd[1]: Starting Nameserver information manager...
         Starting Nameserver information manager...
[   11.900963] systemd[1]: Starting Remount Root and Kernel File Systems...
         Starting Remount Root and Kernel File Systems...
[   11.919528] systemd[1]: Mounting Huge Pages File System...
         Mounting Huge Pages File System...
[   11.963626] EXT4-fs (sda1): re-mounted. Opts: (null)
[   11.980705] systemd[1]: Starting Load Kernel Modules...
         Starting Load Kernel Modules...
[   11.990094] systemd[1]: Set up automount Arbitrary Executable File Formats File System Automount Point.
[[0;32m  OK  [0m] Set up automount Arbitrary Executab...ats File System Automount Point.
[   12.021355] systemd[1]: Listening on Journal Socket (/dev/log).
[[0;32m  OK  [0m] Listening on Journal Socket (/dev/log).
[   12.047552] systemd[1]: Created slice User and Session Slice.
[[0;32m  OK  [0m] Created slice User and Session Slice.
[   12.072556] systemd[1]: Reached target Slices.
[   12.081295] Loading iSCSI transport class v2.0-870.
[[0;32m  OK  [0m] Reached target Slices.
[   12.095311] systemd[1]: Listening on /dev/initctl Compatibility Named Pipe.
[[0;32m  OK  [0m] Listening on /dev/initctl Compatibility Named Pipe.
[   12.113162] systemd[1]: Started Forward Password Requests to Wall Directory Watch.
[[0;32m  OK  [0m] Started Forward Password Requests to Wall Directory Watch.
[   12.130879] systemd[1]: Started Trigger resolvconf update for networkd DNS.
[[0;32m  OK  [0m] Started Trigger resolvconf update for networkd DNS.
[   12.176506] systemd[1]: Starting Create list of required static device nodes for the current kernel...
         Starting Create list of required st... nodes for the current kernel...
[   12.191589] iscsi: registered transport (tcp)
[   12.200580] systemd[1]: Listening on Syslog Socket.
[[0;32m  OK  [0m] Listening on Syslog Socket.
[   12.218425] systemd[1]: Starting Journal Service...
         Starting Journal Service...
[   12.231177] systemd[1]: Mounted POSIX Message Queue File System.
[[0;32m  OK  [0m] Mounted POSIX Message Queue File System.
[   12.252880] systemd[1]: Mounted Huge Pages File System.
[[0;32m  OK  [0m] Mounted Huge Pages File System.
[   12.272962] systemd[1]: Mounted Debug File System.
[[0;32m  OK  [0m] Mounted Debug File System.
[   12.285718] systemd[1]: Started Uncomplicated firewall.
[[0;32m  OK  [0m] Started Uncomplicated firewall.
[   12.334347] systemd[1]: Started Remount Root and Kernel File Systems.
[[0;32m  OK  [0m] Started Remount Root and Kernel File Systems.
[   12.354732] systemd[1]: Started Create list of required static device nodes for the current kernel.
[[0;32m  OK  [0m] Started Create list of required sta...ce nodes for the current kernel.
[   12.392724] systemd[1]: Started Nameserver information manager.
[[0;32m  OK  [0m] Started Nameserver information manager.
[   12.408331] systemd[1]: Started Set console keymap.
[[0;32m  OK  [0m] Started Set console keymap.
[   12.419713] systemd[1]: Started Journal Service.
[[0;32m  OK  [0m] Started Journal Service.
[   12.441232] iscsi: registered transport (iser)
[[0;32m  OK  [0m] Started LVM2 metadata daemon.
         Starting Create Static Device Nodes in /dev...
         Starting udev Coldplug all Devices...
         Starting Load/Save Random Seed...
         Starting Flush Journal to Persistent Storage...
[[0;32m  OK  [0m] Started Load Kernel Modules.
[[0;32m  OK  [0m] Started Create Static Device Nodes in /dev.
[[0;32m  OK  [0m] Started Load/Save Random Seed.
         Starting udev Kernel Device Manager...
         Starting Apply Kernel Variables...
         Mounting FUSE Control File System...
[[0;32m  OK  [0m] Mounted FUSE Control File System.
[   12.618090] systemd-journald[400]: Received request to flush runtime journal from PID 1
[[0;32m  OK  [0m] Started Flush Journal to Persistent Storage.
[[0;32m  OK  [0m] Started Apply Kernel Variables.
[[0;32m  OK  [0m] Started udev Kernel Device Manager.
[[0;32m  OK  [0m] Started udev Coldplug all Devices.
[[0;32m  OK  [0m] Started Dispatch Password Requests to Console Directory Watch.
[[0;32m  OK  [0m] Started Monitoring of LVM2 mirrors,...ng dmeventd or progress polling.
[[0;32m  OK  [0m] Reached target Local File Systems (Pre).
[[0;32m  OK  [0m] Reached target Local File Systems.
         Starting Initial cloud-init job (pre-networking)...
         Starting Set console font and keymap...
         Starting Tell Plymouth To Write Out Runtime Data...
         Starting LSB: AppArmor initialization...
         Starting Create Volatile Files and Directories...
[[0;32m  OK  [0m] Started Tell Plymouth To Write Out Runtime Data.
[[0;32m  OK  [0m] Started Create Volatile Files and Directories.
         Starting Update UTMP about System Boot/Shutdown...
[[0;32m  OK  [0m] Started Update UTMP about System Boot/Shutdown.
[[0;32m  OK  [0m] Found device /dev/ttyS0.
[[0;32m  OK  [0m] Started LSB: AppArmor initialization.
         Starting Load AppArmor profiles managed internally by snapd...
[[0;32m  OK  [0m] Started Load AppArmor profiles managed internally by snapd.
[[0;32m  OK  [0m] Started Set console font and keymap.
[[0;32m  OK  [0m] Created slice system-getty.slice.
[[0;32m  OK  [0m] Listening on Load/Save RF Kill Switch Status /dev/rfkill Watch.
[[0;32m  OK  [0m] Found device 82540EM Gigabit Ethern...r (PRO/1000 MT Desktop Adapter).
[   17.725899] cloud-init[484]: Cloud-init v. 21.1-19-gbad84ad4-0ubuntu1~16.04.2 running 'init-local' at Fri, 20 Aug 2021 19:13:18 +0000. Up 14.86 seconds.
[[0;32m  OK  [0m] Started Initial cloud-init job (pre-networking).
[[0;32m  OK  [0m] Reached target Network (Pre).
         Starting Raise network interfaces...
[[0;32m  OK  [0m] Started ifup for enp0s3.
[[0;32m  OK  [0m] Started Raise network interfaces.
[[0;32m  OK  [0m] Reached target Network.
         Starting Initial cloud-init job (metadata service crawler)...
[   21.598024] cloud-init[980]: Cloud-init v. 21.1-19-gbad84ad4-0ubuntu1~16.04.2 running 'init' at Fri, 20 Aug 2021 19:13:24 +0000. Up 20.64 seconds.
[   21.607654] cloud-init[980]: ci-info: ++++++++++++++++++++++++++++++++++++++Net device info++++++++++++++++++++++++++++++++++++++
[   21.621711] cloud-init[980]: ci-info: +--------+------+----------------------------+---------------+--------+-------------------+
[   21.625279] cloud-init[980]: ci-info: | Device |  Up  |          Address           |      Mask     | Scope  |     Hw-Address    |
[   21.629276] cloud-init[980]: ci-info: +--------+------+----------------------------+---------------+--------+-------------------+
[   21.634804] cloud-init[980]: ci-info: | enp0s3 | True |         10.0.2.15          | 255.255.255.0 | global | 02:ca:5c:8d:e1:88 |
[   21.640373] cloud-init[980]: ci-info: | enp0s3 | True | fe80::ca:5cff:fe8d:e188/64 |       .       |  link  | 02:ca:5c:8d:e1:88 |
[   21.652746] cloud-init[980]: ci-info: |   lo   | True |         127.0.0.1          |   255.0.0.0   |  host  |         .         |
[   21.661221] cloud-init[980]: ci-info: |   lo   | True |          ::1/128           |       .       |  host  |         .         |
[   21.664596] cloud-init[980]: ci-info: +--------+------+----------------------------+---------------+--------+-------------------+
[   21.667767] cloud-init[980]: ci-info: +++++++++++++++++++++++++++Route IPv4 info++++++++++++++++++++++++++++
[   21.671312] cloud-init[980]: ci-info: +-------+-------------+----------+---------------+-----------+-------+
[   21.685743] cloud-init[980]: ci-info: | Route | Destination | Gateway  |    Genmask    | Interface | Flags |
[   21.713721] cloud-init[980]: ci-info: +-------+-------------+----------+---------------+-----------+-------+
[   21.720645] cloud-init[980]: ci-info: |   0   |   0.0.0.0   | 10.0.2.2 |    0.0.0.0    |   enp0s3  |   UG  |
[   21.726642] cloud-init[980]: ci-info: |   1   |   10.0.2.0  | 0.0.0.0  | 255.255.255.0 |   enp0s3  |   U   |
[   21.736783] cloud-init[980]: ci-info: +-------+-------------+----------+---------------+-----------+-------+
[   21.741267] cloud-init[980]: ci-info: +++++++++++++++++++Route IPv6 info+++++++++++++++++++
[   21.744236] cloud-init[980]: ci-info: +-------+-------------+---------+-----------+-------+
[   21.753025] cloud-init[980]: ci-info: | Route | Destination | Gateway | Interface | Flags |
[   21.760815] cloud-init[980]: ci-info: +-------+-------------+---------+-----------+-------+
[   21.768830] cloud-init[980]: ci-info: |   0   |  fe80::/64  |    ::   |   enp0s3  |   U   |
[   21.772716] cloud-init[980]: ci-info: |   4   |   ff00::/8  |    ::   |   enp0s3  |   U   |
[   21.775762] cloud-init[980]: ci-info: +-------+-------------+---------+-----------+-------+
[[0;32m  OK  [0m] Started Initial cloud-init job (metadata service crawler).
[[0;32m  OK  [0m] Reached target Cloud-config availability.
[[0;32m  OK  [0m] Reached target Network is Online.
         Starting iSCSI initiator daemon (iscsid)...
[[0;32m  OK  [0m] Reached target System Initialization.
[[0;32m  OK  [0m] Started ACPI Events Check.
[[0;32m  OK  [0m] Reached target Paths.
[[0;32m  OK  [0m] Started Ubuntu Advantage update messaging.
[[0;32m  OK  [0m] Listening on D-Bus System Message Bus Socket.
         Starting Socket activation for snappy daemon.
[[0;32m  OK  [0m] Started Daily apt download activities.
[[0;32m  OK  [0m] Started Daily apt upgrade and clean activities.
         Starting LXD - unix socket.
[[0;32m  OK  [0m] Started Message of the Day.
[[0;32m  OK  [0m] Started Daily Cleanup of Temporary Directories.
[[0;32m  OK  [0m] Reached target Timers.
[[0;32m  OK  [0m] Listening on ACPID Listen Socket.
[[0;32m  OK  [0m] Listening on UUID daemon activation socket.
[[0;32m  OK  [0m] Listening on Socket activation for snappy daemon.
[[0;32m  OK  [0m] Listening on LXD - unix socket.
[[0;32m  OK  [0m] Reached target Sockets.
[[0;32m  OK  [0m] Reached target Basic System.
         Starting MySQL Community Server...
         Starting Login Service...
         Starting Accounts Service...
         Starting vboxadd.service...
         Starting Ubuntu Advantage APT and MOTD Messages...
[[0;32m  OK  [0m] Started D-Bus System Message Bus.
[[0;32m  OK  [0m] Started ACPI event daemon.
         Starting LSB: MD monitoring daemon...
         Starting OpenBSD Secure Shell server...
         Starting Snap Daemon...
         Starting LXD - container startup/shutdown...
         Starting /etc/rc.local Compatibility...
[[0;32m  OK  [0m] Started Regular background program processing daemon.
[[0;32m  OK  [0m] Started Deferred execution scheduler.
[[0;32m  OK  [0m] Started FUSE filesystem for LXC.
         Starting System Logging Service...
         Starting Message of the Day...
         Starting LSB: Record successful boot for GRUB...
[[0;32m  OK  [0m] Started iSCSI initiator daemon (iscsid).
[[0;32m  OK  [0m] Started /etc/rc.local Compatibility.
[[0;32m  OK  [0m] Started Login Service.
[[0;32m  OK  [0m] Started Message of the Day.
[[0;32m  OK  [0m] Started Unattended Upgrades Shutdown.
         Starting Authenticate and Authorize Users to Run Privileged Tasks...
         Starting Login to default iSCSI targets...
[[0;32m  OK  [0m] Started System Logging Service.
[[0;32m  OK  [0m] Started Login to default iSCSI targets.
[[0;32m  OK  [0m] Reached target Remote File Systems (Pre).
         Mounting /vagrant...
[[0;32m  OK  [0m] Started LSB: MD monitoring daemon.
[[0;32m  OK  [0m] Started LSB: Record successful boot for GRUB.
[[0;32m  OK  [0m] Started OpenBSD Secure Shell server.
[[0;1;31mFAILED[0m] Failed to mount /vagrant.
See 'systemctl status vagrant.mount' for details.
[[0;1;33mDEPEND[0m] Dependency failed for Remote File Systems.
         Starting LSB: Set the CPU Frequency Scaling governor to "ondemand"...
         Starting LSB: automatic crash report generation...
         Starting LSB: daemon to balance interrupts for SMP systems...
         Starting Permit User Sessions...
[[0;32m  OK  [0m] Started Permit User Sessions.
         Starting Terminate Plymouth Boot Screen...
         Starting Hold until boot process finishes up...
[[0;32m  OK  [0m] Started Terminate Plymouth Boot Screen.
[[0;32m  OK  [0m] Started Hold until boot process finishes up.
[[0;32m  OK  [0m] Started Serial Getty on ttyS0.
         Starting Set console scheme...
[[0;32m  OK  [0m] Started Getty on tty1.
[[0;32m  OK  [0m] Reached target Login Prompts.
[[0;32m  OK  [0m] Started Set console scheme.
[[0;32m  OK  [0m] Started LSB: Set the CPU Frequency Scaling governor to "ondemand".
[[0;32m  OK  [0m] Started Authenticate and Authorize Users to Run Privileged Tasks.
[[0;32m  OK  [0m] Started Accounts Service.
[[0;32m  OK  [0m] Started LXD - container startup/shutdown.
[[0;32m  OK  [0m] Started LSB: automatic crash report generation.
[[0;32m  OK  [0m] Started LSB: daemon to balance interrupts for SMP systems.
[[0;32m  OK  [0m] Started Snap Daemon.
         Starting Wait until snapd is fully seeded...
[[0;32m  OK  [0m] Started Wait until snapd is fully seeded.
         Starting Apply the settings specified in cloud-config...
[[0;32m  OK  [0m] Started Ubuntu Advantage APT and MOTD Messages.
[[0;32m  OK  [0m] Started MySQL Community Server.
[[0;32m  OK  [0m] Started vboxadd.service.
         Starting vboxadd-service.service...
[[0;32m  OK  [0m] Started vboxadd-service.service.
[[0;32m  OK  [0m] Reached target Multi-User System.
[[0;32m  OK  [0m] Reached target Graphical Interface.
[   25.321133] cloud-init[1272]: Cloud-init v. 21.1-19-gbad84ad4-0ubuntu1~16.04.2 running 'modules:config' at Fri, 20 Aug 2021 19:13:28 +0000. Up 24.96 seconds.
         Starting Update UTMP about System Runlevel Changes...
[[0;32m  OK  [0m] Started Update UTMP about System Runlevel Changes.
[[0;32m  OK  [0m] Started Apply the settings specified in cloud-config.
         Starting Execute cloud user/final scripts...

Ubuntu 16.04.7 LTS ubuntu-xenial ttyS0

ubuntu-xenial login: [   29.666251] cloud-init[1404]: Cloud-init v. 21.1-19-gbad84ad4-0ubuntu1~16.04.2 running 'modules:final' at Fri, 20 Aug 2021 19:13:32 +0000. Up 28.82 seconds.
[   29.667053] cloud-init[1404]: Cloud-init v. 21.1-19-gbad84ad4-0ubuntu1~16.04.2 finished at Fri, 20 Aug 2021 19:13:33 +0000. Datasource DataSourceNoCloud [seed=/dev/sdb][dsmode=net].  Up 29.63 seconds
[[0;32m  OK  [0m] Stopped Unattended Upgrades Shutdown.
[[0;32m  OK  [0m] Stopped target Remote File Systems (Pre).
         Stopping User Manager for UID 1000...
[[0;32m  OK  [0m] Stopped target Cloud-init target.
[[0;32m  OK  [0m] Stopped Execute cloud user/final scripts.
[[0;32m  OK  [0m] Stopped Apply the settings specified in cloud-config.
         Stopping Authenticate and Authorize Users to Run Privileged Tasks...
[[0;32m  OK  [0m] Stopped target Cloud-config availability.
[[0;32m  OK  [0m] Stopped target Graphical Interface.
         Stopping Accounts Service...
         Stopping Login to default iSCSI targets...
         Stopping ACPI event daemon...
         Stopping Session 3 of user vagrant.
[[0;32m  OK  [0m] Stopped target Multi-User System.
[[0;32m  OK  [0m] Stopped target Login Prompts.
         Stopping Serial Getty on ttyS0...
         Stopping Getty on tty1...
         Stopping LSB: Set the CPU Frequency Scaling governor to "ondemand"...
         Stopping LSB: automatic crash report generation...
         Stopping MySQL Community Server...
         Stopping LSB: Record successful boot for GRUB...
         Stopping vboxadd-service.service...
         Stopping LXD - container startup/shutdown...
         Stopping Deferred execution scheduler...
         Stopping LSB: daemon to balance interrupts for SMP systems...
         Stopping D-Bus System Message Bus...
[[0;32m  OK  [0m] Stopped Wait until snapd is fully seeded.
         Stopping LSB: MD monitoring daemon...
         Stopping System Logging Service...
         Stopping OpenBSD Secure Shell server...
         Stopping Regular background program processing daemon...
[[0;32m  OK  [0m] Closed Load/Save RF Kill Switch Status /dev/rfkill Watch.
[[0;32m  OK  [0m] Stopped target Timers.
[[0;32m  OK  [0m] Stopped Ubuntu Advantage update messaging.
[[0;32m  OK  [0m] Stopped Daily apt upgrade and clean activities.
[[0;32m  OK  [0m] Stopped Daily Cleanup of Temporary Directories.
[[0;32m  OK  [0m] Stopped Message of the Day.
[[0;32m  OK  [0m] Stopped Daily apt download activities.
[[0;32m  OK  [0m] Stopped target System Time Synchronized.
         Stopping FUSE filesystem for LXC...
[[0;32m  OK  [0m] Unmounted /var/lib/lxcfs.
[[0;32m  OK  [0m] Stopped Accounts Service.
[[0;32m  OK  [0m] Stopped ACPI event daemon.
[[0;32m  OK  [0m] Stopped Regular background program processing daemon.
[[0;32m  OK  [0m] Stopped Deferred execution scheduler.
[[0;32m  OK  [0m] Stopped System Logging Service.
[[0;32m  OK  [0m] Stopped Authenticate and Authorize Users to Run Privileged Tasks.
[[0;32m  OK  [0m] Stopped OpenBSD Secure Shell server.
[[0;32m  OK  [0m] Stopped Serial Getty on ttyS0.
[[0;32m  OK  [0m] Stopped Getty on tty1.
[[0;32m  OK  [0m] Stopped User Manager for UID 1000.
[[0;32m  OK  [0m] Stopped vboxadd-service.service.
[[0;32m  OK  [0m] Stopped D-Bus System Message Bus.
[[0;32m  OK  [0m] Stopped Session 3 of user vagrant.
[[0;32m  OK  [0m] Stopped FUSE filesystem for LXC.
[[0;32m  OK  [0m] Stopped Login to default iSCSI targets.
[[0;32m  OK  [0m] Stopped LXD - container startup/shutdown.
[[0;32m  OK  [0m] Stopped LSB: Set the CPU Frequency Scaling governor to "ondemand".
[[0;32m  OK  [0m] Stopped LSB: automatic crash report generation.
[[0;32m  OK  [0m] Stopped LSB: Record successful boot for GRUB.
[[0;32m  OK  [0m] Stopped LSB: daemon to balance interrupts for SMP systems.
[[0;32m  OK  [0m] Stopped LSB: MD monitoring daemon.
         Stopping iSCSI initiator daemon (iscsid)...
         Stopping vboxadd.service...
[[0;32m  OK  [0m] Removed slice User Slice of vagrant.
         Stopping Login Service...
[[0;32m  OK  [0m] Removed slice system-getty.slice.
[[0;32m  OK  [0m] Removed slice system-serial\x2dgetty.slice.
[[0;32m  OK  [0m] Stopped /etc/rc.local Compatibility.
         Stopping Permit User Sessions...
[[0;32m  OK  [0m] Stopped iSCSI initiator daemon (iscsid).
[[0;32m  OK  [0m] Stopped Permit User Sessions.
[[0;32m  OK  [0m] Stopped target Network is Online.
[[0;32m  OK  [0m] Stopped Login Service.
[[0;32m  OK  [0m] Stopped target User and Group Name Lookups.
[[0;32m  OK  [0m] Stopped vboxadd.service.
[[0;32m  OK  [0m] Stopped MySQL Community Server.
[[0;32m  OK  [0m] Stopped target Basic System.
[[0;32m  OK  [0m] Stopped target Sockets.
[[0;32m  OK  [0m] Closed ACPID Listen Socket.
[[0;32m  OK  [0m] Closed LXD - unix socket.
[[0;32m  OK  [0m] Closed D-Bus System Message Bus Socket.
[[0;32m  OK  [0m] Closed Socket activation for snappy daemon.
[[0;32m  OK  [0m] Closed UUID daemon activation socket.
[[0;32m  OK  [0m] Closed Syslog Socket.
[[0;32m  OK  [0m] Stopped target Paths.
[[0;32m  OK  [0m] Stopped Forward Password Requests to Wall Directory Watch.
[[0;32m  OK  [0m] Stopped ACPI Events Check.
[[0;32m  OK  [0m] Stopped Dispatch Password Requests to Console Directory Watch.
[[0;32m  OK  [0m] Stopped target Slices.
[[0;32m  OK  [0m] Removed slice User and Session Slice.
[[0;32m  OK  [0m] Stopped target Network.
[[0;32m  OK  [0m] Stopped target System Initialization.
[[0;32m  OK  [0m] Stopped target Swap.
[[0;32m  OK  [0m] Stopped target Encrypted Volumes.
         Stopping Update UTMP about System Boot/Shutdown...
         Stopping Load/Save Random Seed...
[[0;32m  OK  [0m] Stopped Initial cloud-init job (metadata service crawler).
         Stopping Raise network interfaces...
[[0;32m  OK  [0m] Stopped Load/Save Random Seed.
[[0;32m  OK  [0m] Stopped Update UTMP about System Boot/Shutdown.
[[0;32m  OK  [0m] Stopped Create Volatile Files and Directories.
[[0;32m  OK  [0m] Stopped Raise network interfaces.
[[0;32m  OK  [0m] Stopped target Network (Pre).
[[0;32m  OK  [0m] Stopped Initial cloud-init job (pre-networking).
[[0;32m  OK  [0m] Stopped target Local File Systems.
         Unmounting /run/user/1000...
[[0;32m  OK  [0m] Stopped Apply Kernel Variables.
[[0;32m  OK  [0m] Stopped Load Kernel Modules.
[[0;32m  OK  [0m] Unmounted /run/user/1000.
[[0;32m  OK  [0m] Reached target Unmount All Filesystems.
[[0;32m  OK  [0m] Stopped target Local File Systems (Pre).
[[0;32m  OK  [0m] Stopped Create Static Device Nodes in /dev.
[[0;32m  OK  [0m] Stopped Remount Root and Kernel File Systems.
[[0;32m  OK  [0m] Reached target Shutdown.
[  512.694703] reboot: Power down
